{"/Users/chance/wip/litmus-lab/index.js": {"path":"/Users/chance/wip/litmus-lab/index.js","statementMap":{"0":{"start":{"line":3,"column":16},"end":{"line":3,"column":34}},"1":{"start":{"line":4,"column":14},"end":{"line":4,"column":30}},"2":{"start":{"line":5,"column":16},"end":{"line":5,"column":34}},"3":{"start":{"line":6,"column":17},"end":{"line":6,"column":39}},"4":{"start":{"line":9,"column":14},"end":{"line":9,"column":16}},"5":{"start":{"line":13,"column":2},"end":{"line":21,"column":3}},"6":{"start":{"line":14,"column":4},"end":{"line":14,"column":23}},"7":{"start":{"line":15,"column":9},"end":{"line":21,"column":3}},"8":{"start":{"line":20,"column":4},"end":{"line":20,"column":29}},"9":{"start":{"line":22,"column":2},"end":{"line":22,"column":14}},"10":{"start":{"line":27,"column":2},"end":{"line":27,"column":31}},"11":{"start":{"line":27,"column":22},"end":{"line":27,"column":31}},"12":{"start":{"line":28,"column":2},"end":{"line":28,"column":42}},"13":{"start":{"line":28,"column":33},"end":{"line":28,"column":42}},"14":{"start":{"line":29,"column":2},"end":{"line":29,"column":39}},"15":{"start":{"line":29,"column":30},"end":{"line":29,"column":39}},"16":{"start":{"line":30,"column":2},"end":{"line":30,"column":28}},"17":{"start":{"line":30,"column":19},"end":{"line":30,"column":28}},"18":{"start":{"line":31,"column":2},"end":{"line":31,"column":11}},"19":{"start":{"line":35,"column":22},"end":{"line":45,"column":1}},"20":{"start":{"line":39,"column":6},"end":{"line":41,"column":7}},"21":{"start":{"line":40,"column":8},"end":{"line":40,"column":54}},"22":{"start":{"line":48,"column":17},"end":{"line":75,"column":1}},"23":{"start":{"line":51,"column":6},"end":{"line":71,"column":7}},"24":{"start":{"line":52,"column":19},"end":{"line":52,"column":31}},"25":{"start":{"line":53,"column":8},"end":{"line":53,"column":34}},"26":{"start":{"line":53,"column":27},"end":{"line":53,"column":34}},"27":{"start":{"line":54,"column":8},"end":{"line":54,"column":32}},"28":{"start":{"line":55,"column":8},"end":{"line":55,"column":27}},"29":{"start":{"line":56,"column":13},"end":{"line":71,"column":7}},"30":{"start":{"line":57,"column":19},"end":{"line":57,"column":30}},"31":{"start":{"line":58,"column":8},"end":{"line":58,"column":34}},"32":{"start":{"line":58,"column":27},"end":{"line":58,"column":34}},"33":{"start":{"line":59,"column":8},"end":{"line":59,"column":32}},"34":{"start":{"line":60,"column":8},"end":{"line":60,"column":27}},"35":{"start":{"line":61,"column":13},"end":{"line":71,"column":7}},"36":{"start":{"line":62,"column":19},"end":{"line":62,"column":31}},"37":{"start":{"line":63,"column":8},"end":{"line":63,"column":34}},"38":{"start":{"line":63,"column":27},"end":{"line":63,"column":34}},"39":{"start":{"line":64,"column":8},"end":{"line":64,"column":32}},"40":{"start":{"line":65,"column":8},"end":{"line":65,"column":27}},"41":{"start":{"line":66,"column":13},"end":{"line":71,"column":7}},"42":{"start":{"line":67,"column":19},"end":{"line":67,"column":30}},"43":{"start":{"line":68,"column":8},"end":{"line":68,"column":34}},"44":{"start":{"line":68,"column":27},"end":{"line":68,"column":34}},"45":{"start":{"line":69,"column":8},"end":{"line":69,"column":32}},"46":{"start":{"line":70,"column":8},"end":{"line":70,"column":27}},"47":{"start":{"line":78,"column":20},"end":{"line":80,"column":1}},"48":{"start":{"line":79,"column":2},"end":{"line":79,"column":60}},"49":{"start":{"line":81,"column":0},"end":{"line":81,"column":29}},"50":{"start":{"line":90,"column":17},"end":{"line":108,"column":1}},"51":{"start":{"line":91,"column":2},"end":{"line":107,"column":7}},"52":{"start":{"line":94,"column":6},"end":{"line":94,"column":30}},"53":{"start":{"line":94,"column":21},"end":{"line":94,"column":30}},"54":{"start":{"line":96,"column":16},"end":{"line":96,"column":34}},"55":{"start":{"line":97,"column":17},"end":{"line":97,"column":25}},"56":{"start":{"line":99,"column":6},"end":{"line":99,"column":34}},"57":{"start":{"line":100,"column":6},"end":{"line":100,"column":28}},"58":{"start":{"line":101,"column":6},"end":{"line":101,"column":29}},"59":{"start":{"line":102,"column":6},"end":{"line":102,"column":23}},"60":{"start":{"line":105,"column":6},"end":{"line":106,"column":30}},"61":{"start":{"line":105,"column":21},"end":{"line":105,"column":30}},"62":{"start":{"line":106,"column":11},"end":{"line":106,"column":30}},"63":{"start":{"line":111,"column":11},"end":{"line":111,"column":57}},"64":{"start":{"line":113,"column":17},"end":{"line":113,"column":23}},"65":{"start":{"line":115,"column":13},"end":{"line":149,"column":1}},"66":{"start":{"line":116,"column":17},"end":{"line":121,"column":4}},"67":{"start":{"line":123,"column":2},"end":{"line":123,"column":40}},"68":{"start":{"line":126,"column":2},"end":{"line":126,"column":26}},"69":{"start":{"line":129,"column":21},"end":{"line":129,"column":42}},"70":{"start":{"line":130,"column":16},"end":{"line":130,"column":45}},"71":{"start":{"line":131,"column":2},"end":{"line":135,"column":3}},"72":{"start":{"line":132,"column":4},"end":{"line":132,"column":58}},"73":{"start":{"line":134,"column":4},"end":{"line":134,"column":54}},"74":{"start":{"line":138,"column":17},"end":{"line":138,"column":18}},"75":{"start":{"line":139,"column":2},"end":{"line":145,"column":3}},"76":{"start":{"line":140,"column":19},"end":{"line":140,"column":48}},"77":{"start":{"line":141,"column":4},"end":{"line":144,"column":5}},"78":{"start":{"line":142,"column":6},"end":{"line":142,"column":19}},"79":{"start":{"line":143,"column":6},"end":{"line":143,"column":48}},"80":{"start":{"line":146,"column":2},"end":{"line":148,"column":3}},"81":{"start":{"line":147,"column":4},"end":{"line":147,"column":43}},"82":{"start":{"line":150,"column":0},"end":{"line":150,"column":7}}},"fnMap":{"0":{"name":"formatLink","decl":{"start":{"line":12,"column":9},"end":{"line":12,"column":19}},"loc":{"start":{"line":12,"column":26},"end":{"line":23,"column":1}},"line":12},"1":{"name":"isLink","decl":{"start":{"line":26,"column":9},"end":{"line":26,"column":15}},"loc":{"start":{"line":26,"column":22},"end":{"line":32,"column":1}},"line":26},"2":{"name":"(anonymous_2)","decl":{"start":{"line":37,"column":12},"end":{"line":37,"column":13}},"loc":{"start":{"line":37,"column":27},"end":{"line":42,"column":5}},"line":37},"3":{"name":"(anonymous_3)","decl":{"start":{"line":50,"column":15},"end":{"line":50,"column":16}},"loc":{"start":{"line":50,"column":39},"end":{"line":72,"column":5}},"line":50},"4":{"name":"(anonymous_4)","decl":{"start":{"line":78,"column":20},"end":{"line":78,"column":21}},"loc":{"start":{"line":78,"column":28},"end":{"line":80,"column":1}},"line":78},"5":{"name":"(anonymous_5)","decl":{"start":{"line":90,"column":17},"end":{"line":90,"column":18}},"loc":{"start":{"line":90,"column":33},"end":{"line":108,"column":1}},"line":90},"6":{"name":"(anonymous_6)","decl":{"start":{"line":93,"column":10},"end":{"line":93,"column":11}},"loc":{"start":{"line":93,"column":24},"end":{"line":103,"column":5}},"line":93},"7":{"name":"error","decl":{"start":{"line":104,"column":20},"end":{"line":104,"column":25}},"loc":{"start":{"line":104,"column":28},"end":{"line":107,"column":5}},"line":104},"8":{"name":"(anonymous_8)","decl":{"start":{"line":115,"column":13},"end":{"line":115,"column":14}},"loc":{"start":{"line":115,"column":25},"end":{"line":149,"column":1}},"line":115}},"branchMap":{"0":{"loc":{"start":{"line":13,"column":2},"end":{"line":21,"column":3}},"type":"if","locations":[{"start":{"line":13,"column":2},"end":{"line":21,"column":3}},{"start":{"line":13,"column":2},"end":{"line":21,"column":3}}],"line":13},"1":{"loc":{"start":{"line":13,"column":6},"end":{"line":13,"column":51}},"type":"binary-expr","locations":[{"start":{"line":13,"column":6},"end":{"line":13,"column":26}},{"start":{"line":13,"column":30},"end":{"line":13,"column":51}}],"line":13},"2":{"loc":{"start":{"line":15,"column":9},"end":{"line":21,"column":3}},"type":"if","locations":[{"start":{"line":15,"column":9},"end":{"line":21,"column":3}},{"start":{"line":15,"column":9},"end":{"line":21,"column":3}}],"line":15},"3":{"loc":{"start":{"line":16,"column":4},"end":{"line":18,"column":27}},"type":"binary-expr","locations":[{"start":{"line":16,"column":4},"end":{"line":16,"column":24}},{"start":{"line":17,"column":4},"end":{"line":17,"column":28}},{"start":{"line":18,"column":4},"end":{"line":18,"column":27}}],"line":16},"4":{"loc":{"start":{"line":27,"column":2},"end":{"line":27,"column":31}},"type":"if","locations":[{"start":{"line":27,"column":2},"end":{"line":27,"column":31}},{"start":{"line":27,"column":2},"end":{"line":27,"column":31}}],"line":27},"5":{"loc":{"start":{"line":28,"column":2},"end":{"line":28,"column":42}},"type":"if","locations":[{"start":{"line":28,"column":2},"end":{"line":28,"column":42}},{"start":{"line":28,"column":2},"end":{"line":28,"column":42}}],"line":28},"6":{"loc":{"start":{"line":29,"column":2},"end":{"line":29,"column":39}},"type":"if","locations":[{"start":{"line":29,"column":2},"end":{"line":29,"column":39}},{"start":{"line":29,"column":2},"end":{"line":29,"column":39}}],"line":29},"7":{"loc":{"start":{"line":30,"column":2},"end":{"line":30,"column":28}},"type":"if","locations":[{"start":{"line":30,"column":2},"end":{"line":30,"column":28}},{"start":{"line":30,"column":2},"end":{"line":30,"column":28}}],"line":30},"8":{"loc":{"start":{"line":39,"column":6},"end":{"line":41,"column":7}},"type":"if","locations":[{"start":{"line":39,"column":6},"end":{"line":41,"column":7}},{"start":{"line":39,"column":6},"end":{"line":41,"column":7}}],"line":39},"9":{"loc":{"start":{"line":51,"column":6},"end":{"line":71,"column":7}},"type":"if","locations":[{"start":{"line":51,"column":6},"end":{"line":71,"column":7}},{"start":{"line":51,"column":6},"end":{"line":71,"column":7}}],"line":51},"10":{"loc":{"start":{"line":51,"column":10},"end":{"line":51,"column":41}},"type":"binary-expr","locations":[{"start":{"line":51,"column":10},"end":{"line":51,"column":25}},{"start":{"line":51,"column":29},"end":{"line":51,"column":41}}],"line":51},"11":{"loc":{"start":{"line":53,"column":8},"end":{"line":53,"column":34}},"type":"if","locations":[{"start":{"line":53,"column":8},"end":{"line":53,"column":34}},{"start":{"line":53,"column":8},"end":{"line":53,"column":34}}],"line":53},"12":{"loc":{"start":{"line":56,"column":13},"end":{"line":71,"column":7}},"type":"if","locations":[{"start":{"line":56,"column":13},"end":{"line":71,"column":7}},{"start":{"line":56,"column":13},"end":{"line":71,"column":7}}],"line":56},"13":{"loc":{"start":{"line":56,"column":17},"end":{"line":56,"column":49}},"type":"binary-expr","locations":[{"start":{"line":56,"column":17},"end":{"line":56,"column":34}},{"start":{"line":56,"column":38},"end":{"line":56,"column":49}}],"line":56},"14":{"loc":{"start":{"line":58,"column":8},"end":{"line":58,"column":34}},"type":"if","locations":[{"start":{"line":58,"column":8},"end":{"line":58,"column":34}},{"start":{"line":58,"column":8},"end":{"line":58,"column":34}}],"line":58},"15":{"loc":{"start":{"line":61,"column":13},"end":{"line":71,"column":7}},"type":"if","locations":[{"start":{"line":61,"column":13},"end":{"line":71,"column":7}},{"start":{"line":61,"column":13},"end":{"line":71,"column":7}}],"line":61},"16":{"loc":{"start":{"line":61,"column":17},"end":{"line":61,"column":45}},"type":"binary-expr","locations":[{"start":{"line":61,"column":17},"end":{"line":61,"column":29}},{"start":{"line":61,"column":33},"end":{"line":61,"column":45}}],"line":61},"17":{"loc":{"start":{"line":63,"column":8},"end":{"line":63,"column":34}},"type":"if","locations":[{"start":{"line":63,"column":8},"end":{"line":63,"column":34}},{"start":{"line":63,"column":8},"end":{"line":63,"column":34}}],"line":63},"18":{"loc":{"start":{"line":66,"column":13},"end":{"line":71,"column":7}},"type":"if","locations":[{"start":{"line":66,"column":13},"end":{"line":71,"column":7}},{"start":{"line":66,"column":13},"end":{"line":71,"column":7}}],"line":66},"19":{"loc":{"start":{"line":66,"column":17},"end":{"line":66,"column":46}},"type":"binary-expr","locations":[{"start":{"line":66,"column":17},"end":{"line":66,"column":31}},{"start":{"line":66,"column":35},"end":{"line":66,"column":46}}],"line":66},"20":{"loc":{"start":{"line":68,"column":8},"end":{"line":68,"column":34}},"type":"if","locations":[{"start":{"line":68,"column":8},"end":{"line":68,"column":34}},{"start":{"line":68,"column":8},"end":{"line":68,"column":34}}],"line":68},"21":{"loc":{"start":{"line":79,"column":9},"end":{"line":79,"column":59}},"type":"cond-expr","locations":[{"start":{"line":79,"column":36},"end":{"line":79,"column":40}},{"start":{"line":79,"column":43},"end":{"line":79,"column":59}}],"line":79},"22":{"loc":{"start":{"line":94,"column":6},"end":{"line":94,"column":30}},"type":"if","locations":[{"start":{"line":94,"column":6},"end":{"line":94,"column":30}},{"start":{"line":94,"column":6},"end":{"line":94,"column":30}}],"line":94},"23":{"loc":{"start":{"line":105,"column":6},"end":{"line":106,"column":30}},"type":"if","locations":[{"start":{"line":105,"column":6},"end":{"line":106,"column":30}},{"start":{"line":105,"column":6},"end":{"line":106,"column":30}}],"line":105},"24":{"loc":{"start":{"line":131,"column":2},"end":{"line":135,"column":3}},"type":"if","locations":[{"start":{"line":131,"column":2},"end":{"line":135,"column":3}},{"start":{"line":131,"column":2},"end":{"line":135,"column":3}}],"line":131},"25":{"loc":{"start":{"line":141,"column":4},"end":{"line":144,"column":5}},"type":"if","locations":[{"start":{"line":141,"column":4},"end":{"line":144,"column":5}},{"start":{"line":141,"column":4},"end":{"line":144,"column":5}}],"line":141},"26":{"loc":{"start":{"line":146,"column":2},"end":{"line":148,"column":3}},"type":"if","locations":[{"start":{"line":146,"column":2},"end":{"line":148,"column":3}},{"start":{"line":146,"column":2},"end":{"line":148,"column":3}}],"line":146}},"s":{"0":1,"1":1,"2":1,"3":1,"4":1,"5":0,"6":0,"7":0,"8":0,"9":0,"10":0,"11":0,"12":0,"13":0,"14":0,"15":0,"16":0,"17":0,"18":0,"19":1,"20":0,"21":0,"22":1,"23":0,"24":0,"25":0,"26":0,"27":0,"28":0,"29":0,"30":0,"31":0,"32":0,"33":0,"34":0,"35":0,"36":0,"37":0,"38":0,"39":0,"40":0,"41":0,"42":0,"43":0,"44":0,"45":0,"46":0,"47":1,"48":2,"49":1,"50":1,"51":0,"52":0,"53":0,"54":0,"55":0,"56":0,"57":0,"58":0,"59":0,"60":0,"61":0,"62":0,"63":1,"64":1,"65":1,"66":1,"67":0,"68":0,"69":0,"70":0,"71":0,"72":0,"73":0,"74":0,"75":0,"76":0,"77":0,"78":0,"79":0,"80":0,"81":0,"82":1},"f":{"0":0,"1":0,"2":0,"3":0,"4":2,"5":0,"6":0,"7":0,"8":1},"b":{"0":[0,0],"1":[0,0],"2":[0,0],"3":[0,0,0],"4":[0,0],"5":[0,0],"6":[0,0],"7":[0,0],"8":[0,0],"9":[0,0],"10":[0,0],"11":[0,0],"12":[0,0],"13":[0,0],"14":[0,0],"15":[0,0],"16":[0,0],"17":[0,0],"18":[0,0],"19":[0,0],"20":[0,0],"21":[1,1],"22":[0,0],"23":[0,0],"24":[0,0],"25":[0,0],"26":[0,0]},"_coverageSchema":"332fd63041d2c1bcb487cc26dd0d5f7d97098a6c","hash":"9856e8c3967d9a3dd9734fbee1881f1acfc682bd"}
}
