TN:
SF:/Users/chance/wip/litmus-lab/index.js
FN:12,formatLink
FN:26,isLink
FN:37,(anonymous_2)
FN:50,(anonymous_3)
FN:78,(anonymous_4)
FN:90,(anonymous_5)
FN:93,(anonymous_6)
FN:104,error
FN:115,(anonymous_8)
FNF:9
FNH:2
FNDA:0,formatLink
FNDA:0,isLink
FNDA:0,(anonymous_2)
FNDA:0,(anonymous_3)
FNDA:2,(anonymous_4)
FNDA:0,(anonymous_5)
FNDA:0,(anonymous_6)
FNDA:0,error
FNDA:1,(anonymous_8)
DA:3,1
DA:4,1
DA:5,1
DA:6,1
DA:9,1
DA:13,0
DA:14,0
DA:15,0
DA:20,0
DA:22,0
DA:27,0
DA:28,0
DA:29,0
DA:30,0
DA:31,0
DA:35,1
DA:39,0
DA:40,0
DA:48,1
DA:51,0
DA:52,0
DA:53,0
DA:54,0
DA:55,0
DA:56,0
DA:57,0
DA:58,0
DA:59,0
DA:60,0
DA:61,0
DA:62,0
DA:63,0
DA:64,0
DA:65,0
DA:66,0
DA:67,0
DA:68,0
DA:69,0
DA:70,0
DA:78,1
DA:79,2
DA:81,1
DA:90,1
DA:91,0
DA:94,0
DA:96,0
DA:97,0
DA:99,0
DA:100,0
DA:101,0
DA:102,0
DA:105,0
DA:106,0
DA:111,1
DA:113,1
DA:115,1
DA:116,1
DA:123,0
DA:126,0
DA:129,0
DA:130,0
DA:131,0
DA:132,0
DA:134,0
DA:138,0
DA:139,0
DA:140,0
DA:141,0
DA:142,0
DA:143,0
DA:146,0
DA:147,0
DA:150,1
LF:73
LH:16
BRDA:13,0,0,0
BRDA:13,0,1,0
BRDA:13,1,0,0
BRDA:13,1,1,0
BRDA:15,2,0,0
BRDA:15,2,1,0
BRDA:16,3,0,0
BRDA:16,3,1,0
BRDA:16,3,2,0
BRDA:27,4,0,0
BRDA:27,4,1,0
BRDA:28,5,0,0
BRDA:28,5,1,0
BRDA:29,6,0,0
BRDA:29,6,1,0
BRDA:30,7,0,0
BRDA:30,7,1,0
BRDA:39,8,0,0
BRDA:39,8,1,0
BRDA:51,9,0,0
BRDA:51,9,1,0
BRDA:51,10,0,0
BRDA:51,10,1,0
BRDA:53,11,0,0
BRDA:53,11,1,0
BRDA:56,12,0,0
BRDA:56,12,1,0
BRDA:56,13,0,0
BRDA:56,13,1,0
BRDA:58,14,0,0
BRDA:58,14,1,0
BRDA:61,15,0,0
BRDA:61,15,1,0
BRDA:61,16,0,0
BRDA:61,16,1,0
BRDA:63,17,0,0
BRDA:63,17,1,0
BRDA:66,18,0,0
BRDA:66,18,1,0
BRDA:66,19,0,0
BRDA:66,19,1,0
BRDA:68,20,0,0
BRDA:68,20,1,0
BRDA:79,21,0,1
BRDA:79,21,1,1
BRDA:94,22,0,0
BRDA:94,22,1,0
BRDA:105,23,0,0
BRDA:105,23,1,0
BRDA:131,24,0,0
BRDA:131,24,1,0
BRDA:141,25,0,0
BRDA:141,25,1,0
BRDA:146,26,0,0
BRDA:146,26,1,0
BRF:55
BRH:2
end_of_record
